C51 COMPILER V9.59.0.0   DELAY                                                             11/09/2019 19:48:10 PAGE 1   


C51 COMPILER V9.59.0.0, COMPILATION OF MODULE DELAY
OBJECT MODULE PLACED IN ..\Output\delay.obj
COMPILER INVOKED BY: D:\Keil5\keil5forstm32\C51\BIN\C51.EXE ..\User\delay\delay.c OPTIMIZE(8,SPEED) BROWSE INCDIR(..\Use
                    -r;..\Library;..\User\delay;..\User\key;..\User\led;..\User\uart) DEBUG OBJECTEXTEND PRINT(..\Temp\delay.lst) OBJECT(..\O
                    -utput\delay.obj)

line level    source

   1          /************************************************************************************
   2          Copyright,  LCE STUDIO   
   3          程序名称：延时函数(晶振频率18.432MHz)
   4          功能说明: 延时毫秒与微秒
   5          程序版本：1.0 （2014/06）
   6          阿里旺旺：rob1983
   7          淘宝店铺：http://shop67639654.taobao.com 
   8          ************************************************************************************/
   9          
  10          #include "iap15w4k58s4.h"           // 单片机STC15F2K60S2头文件,可以不再加入reg51.h
  11          #include <intrins.h>                        // 加入此头文件后,可使用_nop_库函数
  12          #include <stdio.h>
  13          #include "delay.h"
  14          
  15          //void NOP30(unsigned char times)
  16          //{
  17          //      while(times--)
  18          //      {
  19          //              _nop_();_nop_();_nop_();_nop_();_nop_();
  20          //              _nop_();_nop_();_nop_();_nop_();_nop_();
  21          //              _nop_();_nop_();_nop_();_nop_();_nop_();
  22          //              _nop_();_nop_();_nop_();_nop_();_nop_();
  23          //              _nop_();_nop_();_nop_();_nop_();_nop_();
  24          //              _nop_();_nop_();_nop_();_nop_();_nop_();
  25          //      }
  26          //}
  27          
  28          void Delay1us()         //@12.000MHz
  29          {
  30   1              _nop_();
  31   1              _nop_();
  32   1              _nop_();
  33   1              _nop_();
  34   1      }
  35          
  36          
  37          void Delay1ms()         //@12.000MHz
  38          {
  39   1              unsigned char i, j;
  40   1      
  41   1              i = 12;
  42   1              j = 169;
  43   1              do
  44   1              {
  45   2                      while (--j);
  46   2              } while (--i);
  47   1      }
  48          
  49          void DelayMS(int t)
  50          {
  51   1              while(t--)
  52   1              {
  53   2                      Delay1ms();
C51 COMPILER V9.59.0.0   DELAY                                                             11/09/2019 19:48:10 PAGE 2   

  54   2              }
  55   1      }
  56          
  57          void DelayUS(int t)
  58          {
  59   1              while(t--)
  60   1              {
  61   2                      Delay1us();
  62   2              }
  63   1      }
  64          
  65          
  66          


MODULE INFORMATION:   STATIC OVERLAYABLE
   CODE SIZE        =     50    ----
   CONSTANT SIZE    =   ----    ----
   XDATA SIZE       =   ----    ----
   PDATA SIZE       =   ----    ----
   DATA SIZE        =   ----    ----
   IDATA SIZE       =   ----    ----
   BIT SIZE         =   ----    ----
END OF MODULE INFORMATION.


C51 COMPILATION COMPLETE.  0 WARNING(S),  0 ERROR(S)
