C51 COMPILER V9.59.0.0   KEY                                                               11/09/2019 19:56:26 PAGE 1   


C51 COMPILER V9.59.0.0, COMPILATION OF MODULE KEY
OBJECT MODULE PLACED IN ..\Output\key.obj
COMPILER INVOKED BY: D:\Keil5\keil5forstm32\C51\BIN\C51.EXE ..\User\key\key.c OPTIMIZE(8,SPEED) BROWSE INCDIR(..\User;..
                    -\Library;..\User\delay;..\User\key;..\User\led;..\User\uart) DEBUG OBJECTEXTEND PRINT(..\Temp\key.lst) OBJECT(..\Output\
                    -key.obj)

line level    source

   1          #include "key.h"
   2          
   3          int IsPressedKEY1()
   4          {
   5   1              unsigned char flag = 0;
   6   1              static unsigned char KEY_LOCK = 0; 
   7   1              if (KEY_ON == KEY1)
   8   1              {
   9   2                      //DelayMS(5);
  10   2                      if (UNLOCK == KEY_LOCK)
  11   2                      {
  12   3                              flag = 1;
  13   3                              KEY_LOCK = LOCKED;
  14   3                      }
  15   2              }
  16   1              else
  17   1              {
  18   2                      KEY_LOCK = UNLOCK;
  19   2              }
  20   1              return flag;
  21   1      }
  22          
  23          int IsPressedKEY2()
  24          {
  25   1              unsigned char flag = 0;
  26   1              static unsigned char KEY_LOCK = 0;
  27   1              if (KEY_ON == KEY2)
  28   1              {
  29   2                      //DelayMS(5);
  30   2                      if (UNLOCK == KEY_LOCK)
  31   2                      {
  32   3                              flag = 1;
  33   3                              KEY_LOCK = LOCKED;
  34   3                      }
  35   2              }
  36   1              else
  37   1              {
  38   2                      KEY_LOCK = UNLOCK;
  39   2              }
  40   1              return flag;
  41   1      }
  42          
  43          int IsPressedKEY3()
  44          {
  45   1              unsigned char flag = 0;
  46   1              static unsigned char KEY_LOCK = 0;
  47   1              if (KEY_ON == KEY3)
  48   1              {
  49   2                      //DelayMS(5);
  50   2                      if (UNLOCK == KEY_LOCK)
  51   2                      {
  52   3                              flag = 1;
  53   3                              KEY_LOCK = LOCKED;
C51 COMPILER V9.59.0.0   KEY                                                               11/09/2019 19:56:26 PAGE 2   

  54   3                      }
  55   2              }
  56   1              else
  57   1              {
  58   2                      KEY_LOCK = UNLOCK;
  59   2              }
  60   1              return flag;
  61   1      }
  62          
  63          int IsPressedKEY4()
  64          {
  65   1              unsigned char flag = 0;
  66   1              static unsigned char KEY_LOCK = 0;
  67   1              if (KEY_ON == KEY4)
  68   1              {
  69   2                      //DelayMS(5);
  70   2                      if (UNLOCK == KEY_LOCK)
  71   2                      {
  72   3                              flag = 1;
  73   3                              KEY_LOCK = LOCKED;
  74   3                      }
  75   2              }
  76   1              else
  77   1              {
  78   2                      KEY_LOCK = UNLOCK;
  79   2              }
  80   1              return flag;
  81   1      }


MODULE INFORMATION:   STATIC OVERLAYABLE
   CODE SIZE        =     84    ----
   CONSTANT SIZE    =   ----    ----
   XDATA SIZE       =   ----    ----
   PDATA SIZE       =   ----    ----
   DATA SIZE        =      4    ----
   IDATA SIZE       =   ----    ----
   BIT SIZE         =   ----    ----
END OF MODULE INFORMATION.


C51 COMPILATION COMPLETE.  0 WARNING(S),  0 ERROR(S)
