C51 COMPILER V9.59.0.0   MAIN                                                              11/09/2019 20:31:49 PAGE 1   


C51 COMPILER V9.59.0.0, COMPILATION OF MODULE MAIN
OBJECT MODULE PLACED IN ..\Output\main.obj
COMPILER INVOKED BY: D:\Keil5\keil5forstm32\C51\BIN\C51.EXE ..\User\main.c OPTIMIZE(8,SPEED) BROWSE INCDIR(..\User;..\Li
                    -brary;..\User\delay;..\User\key;..\User\led;..\User\uart) DEBUG OBJECTEXTEND PRINT(..\Temp\main.lst) OBJECT(..\Output\ma
                    -in.obj)

line level    source

   1          /************************************************************************************
   2          Copyright,  LCE STUDIO   
   3          程序名称：串口发送数据（晶振频率18.432MHz） 
   4          功能说明: 通过串口1发送“Everything is possible!” 
   5                    波特率9600，数据位8，奇偶效验无，停止位1，数据流控制无  
   6          程序版本：1.0 （2015/06）
   7          阿里旺旺：rob1983
   8          淘宝店铺：http://shop67639654.taobao.com 
   9          ************************************************************************************/
  10          
  11          
  12          #include "iap15w4k58s4.h"           // 单片机iap15w4k58s4头文件,可以不再加入reg51.h
  13          #include <intrins.h>                        // 加入此头文件后,可使用_nop_库函数
  14          #include "key.h"
  15          #include "led.h"
  16          #include "delay.h"                      // 延时函数头文件
  17          #include "uart.h"                         // 串行通信函数头文件
  18          #define MAXBUF 20
  19          
  20          int count = 1;
  21          char RecBuf[MAXBUF];
  22          unsigned char Index;
  23          void InitGPIO();
  24          void Timer0Init();
  25          
  26          void main()                                                     // 主函数     
  27          {
  28   1              InitGPIO();
  29   1          DelayMS(100);                                                          
  30   1              UartInit();
  31   1              Timer0Init();
  32   1              ET0 = 1;
  33   1              ES = 1;
  34   1              EA = 1;
  35   1              DelayUS(100);
  36   1              SendString("这是一个15与32双机通信的测试\r\n");
  37   1              DelayUS(100);
  38   1              
  39   1          while (1)                                                 // 主循环 
  40   1          {
  41   2                      switch (count%20)
  42   2                      {
  43   3                              case 0:
  44   3                                      if (IsPressedKEY1())
  45   3                                      {
  46   4                                              SendData('A');
  47   4                                              LED1ON;
  48   4                                      }
  49   3                                      break;
  50   3                              case 3:
  51   3                                      if (IsPressedKEY2())
  52   3                                      {
  53   4                                              SendData('B');
C51 COMPILER V9.59.0.0   MAIN                                                              11/09/2019 20:31:49 PAGE 2   

  54   4                                              LED2ON;
  55   4                                      }
  56   3                                      break;
  57   3                              case 6:
  58   3                                      if (IsPressedKEY3())
  59   3                                      {
  60   4                                              SendData('C');
  61   4                                              LED3ON;
  62   4                                      }
  63   3                                      break;
  64   3                              case 8:
  65   3                                      if (IsPressedKEY4())
  66   3                                      {
  67   4                                              LEDOFF;
  68   4                                      }
  69   3                                      break;
  70   3                              default: break;
  71   3                      }
  72   2                      
  73   2                      if ('A' == RecBuf[Index-1])
  74   2                      {
  75   3                              LEDON;
  76   3                      }
  77   2                      if ('B' == RecBuf[Index-11])
  78   2                      {
  79   3                              LEDOFF;
  80   3                      }
  81   2          }
  82   1      }
  83          
  84          void RecDataInterrupt() interrupt 4 using 1
  85          {
  86   1              LED1ON;
  87   1              ES = 0;
  88   1              if (RI)
  89   1              {
  90   2                      RI = 0;
  91   2                      RecBuf[Index++] = SBUF;
  92   2                      if (Index > 20)
  93   2                      {
  94   3                              Index = 0;
  95   3                      }
  96   2              }
  97   1              ES = 1;
  98   1              LEDOFF;
  99   1      }
 100          
 101          void Timer1(void) interrupt 1 using 2
 102          {
 103   1              ET0 = 0;
 104   1              TR0 = 0;
 105   1              count == 30 ? count = 0 : count++;
 106   1              TR0 = 1;
 107   1              ET0 = 1;
 108   1      }
 109          
 110          void Timer0Init(void)           //1ms@12.000MHz
 111          {
 112   1              AUXR |= 0x80;           //定时器时钟1T模式
 113   1              TMOD &= 0xF0;           //设置定时器模式
 114   1              TL0 = 0x20;             //设置定时初值
 115   1              TH0 = 0xD1;             //设置定时初值
C51 COMPILER V9.59.0.0   MAIN                                                              11/09/2019 20:31:49 PAGE 3   

 116   1              TF0 = 0;                //清除TF0标志
 117   1              TR0 = 1;                //定时器0开始计时
 118   1      }
 119          
 120          
 121          void InitGPIO()
 122          {
 123   1              P0M0 = 0;
 124   1              P0M1 = 0;
 125   1              P1M0 = 0;
 126   1              P1M1 = 0;
 127   1              P2M0 = 0;
 128   1              P2M1 = 0;
 129   1              P3M0 = 0;
 130   1              P3M1 = 0;
 131   1              P4M0 = 0;
 132   1              P4M1 = 0;
 133   1              P5M0 = 0;
 134   1              P5M1 = 0;
 135   1      }


MODULE INFORMATION:   STATIC OVERLAYABLE
   CODE SIZE        =    314    ----
   CONSTANT SIZE    =     31    ----
   XDATA SIZE       =   ----    ----
   PDATA SIZE       =   ----    ----
   DATA SIZE        =     23    ----
   IDATA SIZE       =   ----    ----
   BIT SIZE         =   ----    ----
END OF MODULE INFORMATION.


C51 COMPILATION COMPLETE.  0 WARNING(S),  0 ERROR(S)
