C51 COMPILER V9.59.0.0   UART                                                              11/09/2019 19:48:10 PAGE 1   


C51 COMPILER V9.59.0.0, COMPILATION OF MODULE UART
OBJECT MODULE PLACED IN ..\Output\uart.obj
COMPILER INVOKED BY: D:\Keil5\keil5forstm32\C51\BIN\C51.EXE ..\User\uart\uart.c OPTIMIZE(8,SPEED) BROWSE INCDIR(..\User;
                    -..\Library;..\User\delay;..\User\key;..\User\led;..\User\uart) DEBUG OBJECTEXTEND PRINT(..\Temp\uart.lst) OBJECT(..\Outp
                    -ut\uart.obj)

line level    source

   1          /************************************************************************************
   2          Copyright,  LCE STUDIO  
   3          程序名称：串口1通讯函数（晶振频率18.432MHz）  
   4          功能说明: 串口1初始化,字符发送与字符串发送函数,波特率9600bps
   5          程序版本：1.0 （2014/06）
   6          阿里旺旺：rob1983
   7          淘宝店铺：http://shop67639654.taobao.com 
   8          ************************************************************************************/ 
   9          
  10          #include "iap15w4k58s4.h"
  11          #include "intrins.h"
  12          
  13          void SendData(unsigned char ch);
  14          void SendString(char *s);
  15          void UartInit(void);
  16          
  17          /*----------------------------
  18          串口初始化
  19          ----------------------------*/
  20          
  21          void UartInit(void)             //115200bps@12.000MHz
  22          {
  23   1              SCON = 0x50;            //8位数据,可变波特率
  24   1              AUXR |= 0x40;           //定时器1时钟为Fosc,即1T
  25   1              AUXR &= 0xFE;           //串口1选择定时器1为波特率发生器
  26   1              TMOD &= 0x0F;           //设定定时器1为16位自动重装方式
  27   1              TL1 = 0xE6;             //设定定时初值
  28   1              TH1 = 0xFF;             //设定定时初值
  29   1              ET1 = 0;                //禁止定时器1中断
  30   1              TR1 = 1;                //启动定时器1
  31   1      }
  32          
  33          
  34          
  35          /*----------------------------
  36          发送串口数据
  37          ----------------------------*/
  38          void SendData(char ch)
  39          {
  40   1          SBUF = ch;                 //写数据到UART数据寄存器
  41   1                      while(TI == 0);
  42   1                      TI = 0;
  43   1      }
  44          
  45          /*----------------------------
  46          发送字符串
  47          ----------------------------*/
  48          void SendString(char *s)
  49          {
  50   1          while (*s)                  //检测字符串结束标志
  51   1          {
  52   2              SendData(*s++);         //发送当前字符
  53   2          }
C51 COMPILER V9.59.0.0   UART                                                              11/09/2019 19:48:10 PAGE 2   

  54   1      }
  55          
  56          


MODULE INFORMATION:   STATIC OVERLAYABLE
   CODE SIZE        =     68    ----
   CONSTANT SIZE    =   ----    ----
   XDATA SIZE       =   ----    ----
   PDATA SIZE       =   ----    ----
   DATA SIZE        =   ----       3
   IDATA SIZE       =   ----    ----
   BIT SIZE         =   ----    ----
END OF MODULE INFORMATION.


C51 COMPILATION COMPLETE.  0 WARNING(S),  0 ERROR(S)
